<?xml version="1.0" encoding="UTF-8"?>
<testsuite xmlns:xsi="http://www.w3.org/2001/XMLSchema-instance" xsi:noNamespaceSchemaLocation="https://maven.apache.org/surefire/maven-surefire-plugin/xsd/surefire-test-report.xsd" version="3.0.2" name="com.pmi.kafka.WindowsEventDropRenderingInfoFunctionTest" time="0.144" tests="1" errors="0" skipped="0" failures="0">
  <properties>
[...]
</properties>
  <testcase name="testDropRenderingInfo" classname="com.pmi.kafka.WindowsEventDropRenderingInfoFunctionTest" time="0.143">
    <system-out><![CDATA[<?xml version="1.0" encoding="utf-8"?><Event xmlns="http://schemas.microsoft.com/win/2004/08/events/event"><System><Provider Name="Microsoft-Windows-Security-Auditing" Guid="{54849625-5478-4994-A5BA-3E3B0328C30D}"/><EventID>4735</EventID><Version>0</Version><Level>0</Level><Task>13826</Task><Opcode>0</Opcode><Keywords>0x8020000000000000</Keywords><TimeCreated SystemTime="2025-04-11T18:41:29.787566200Z"/><EventRecordID>24323798</EventRecordID><Correlation ActivityID="{08971004-D417-4E1A-827C-8E79CEB95815}"/><Execution ProcessID="736" ThreadID="780"/><Channel>Security</Channel><Computer>PMICHLAUSQL950.PMINTL.NET</Computer><Security/></System><EventData><Data Name="TargetUserName">Event Log Readers</Data><Data Name="TargetDomainName">Builtin</Data><Data Name="TargetSid">S-1-5-32-573</Data><Data Name="SubjectUserSid">S-1-5-18</Data><Data Name="SubjectUserName">PMICHLAUSQL950$</Data><Data Name="SubjectDomainName">PMI</Data><Data Name="SubjectLogonId">0x3e7</Data><Data Name="PrivilegeList">-</Data><Data Name="SamAccountName">-</Data><Data Name="SidHistory">-</Data></EventData></Event>
]]></system-out>
  </testcase>
</testsuite>